# JRE version: OpenJDK Runtime Environment (8.0_242-b01) (build 1.8.0_242-release-1644-b01)
# Java VM: OpenJDK 64-Bit Server VM (25.242-b01 mixed mode windows-amd64 compressed oops)
Heap:
 def new generation   total 13056K, used 12868K [0x0000000080000000, 0x0000000080e20000, 0x00000000aaaa0000)
  eden space 11648K,  98% used [0x0000000080000000, 0x0000000080b310f8, 0x0000000080b60000)
  from space 1408K, 100% used [0x0000000080cc0000, 0x0000000080e20000, 0x0000000080e20000)
  to   space 1408K,   0% used [0x0000000080b60000, 0x0000000080b60000, 0x0000000080cc0000)
 tenured generation   total 28648K, used 28376K [0x00000000aaaa0000, 0x00000000ac69a000, 0x0000000100000000)
   the space 28648K,  99% used [0x00000000aaaa0000, 0x00000000ac6561e0, 0x00000000ac656200, 0x00000000ac69a000)
 Metaspace       used 55457K, capacity 57220K, committed 57392K, reserved 1099776K
  class space    used 7241K, capacity 7632K, committed 7728K, reserved 1048576K
GC Heap History (10 events):
Event: 32.115 GC heap before
{Heap before GC invocations=60 (full 3):
 def new generation   total 11776K, used 11775K [0x0000000080000000, 0x0000000080cc0000, 0x00000000aaaa0000)
  eden space 10496K, 100% used [0x0000000080000000, 0x0000000080a40000, 0x0000000080a40000)
  from space 1280K,  99% used [0x0000000080b80000, 0x0000000080cbfff8, 0x0000000080cc0000)
  to   space 1280K,   0% used [0x0000000080a40000, 0x0000000080a40000, 0x0000000080b80000)
 tenured generation   total 25816K, used 25508K [0x00000000aaaa0000, 0x00000000ac3d6000, 0x0000000100000000)
   the space 25816K,  98% used [0x00000000aaaa0000, 0x00000000ac3891d0, 0x00000000ac389200, 0x00000000ac3d6000)
 Metaspace       used 49687K, capacity 51394K, committed 51504K, reserved 1093632K
  class space    used 6562K, capacity 6930K, committed 6960K, reserved 1048576K
Event: 32.217 GC heap after
Heap after GC invocations=61 (full 4):
 def new generation   total 12288K, used 0K [0x0000000080000000, 0x0000000080d50000, 0x00000000aaaa0000)
  eden space 10944K,   0% used [0x0000000080000000, 0x0000000080000000, 0x0000000080ab0000)
  from space 1344K,   0% used [0x0000000080ab0000, 0x0000000080ab0000, 0x0000000080c00000)
  to   space 1344K,   0% used [0x0000000080c00000, 0x0000000080c00000, 0x0000000080d50000)
 tenured generation   total 26920K, used 25025K [0x00000000aaaa0000, 0x00000000ac4ea000, 0x0000000100000000)
   the space 26920K,  92% used [0x00000000aaaa0000, 0x00000000ac310728, 0x00000000ac310800, 0x00000000ac4ea000)
 Metaspace       used 49687K, capacity 51394K, committed 51504K, reserved 1093632K
  class space    used 6562K, capacity 6930K, committed 6960K, reserved 1048576K
}
Event: 33.213 GC heap before
{Heap before GC invocations=61 (full 4):
 def new generation   total 12288K, used 10944K [0x0000000080000000, 0x0000000080d50000, 0x00000000aaaa0000)
  eden space 10944K, 100% used [0x0000000080000000, 0x0000000080ab0000, 0x0000000080ab0000)
  from space 1344K,   0% used [0x0000000080ab0000, 0x0000000080ab0000, 0x0000000080c00000)
  to   space 1344K,   0% used [0x0000000080c00000, 0x0000000080c00000, 0x0000000080d50000)
 tenured generation   total 26920K, used 25025K [0x00000000aaaa0000, 0x00000000ac4ea000, 0x0000000100000000)
   the space 26920K,  92% used [0x00000000aaaa0000, 0x00000000ac310728, 0x00000000ac310800, 0x00000000ac4ea000)
 Metaspace       used 50724K, capacity 52532K, committed 52784K, reserved 1095680K
  class space    used 6703K, capacity 7093K, committed 7216K, reserved 1048576K
Event: 33.218 GC heap after
Heap after GC invocations=62 (full 4):
 def new generation   total 12288K, used 1343K [0x0000000080000000, 0x0000000080d50000, 0x00000000aaaa0000)
  eden space 10944K,   0% used [0x0000000080000000, 0x0000000080000000, 0x0000000080ab0000)
  from space 1344K,  99% used [0x0000000080c00000, 0x0000000080d4fff0, 0x0000000080d50000)
  to   space 1344K,   0% used [0x0000000080ab0000, 0x0000000080ab0000, 0x0000000080c00000)
 tenured generation   total 26920K, used 25692K [0x00000000aaaa0000, 0x00000000ac4ea000, 0x0000000100000000)
   the space 26920K,  95% used [0x00000000aaaa0000, 0x00000000ac3b7320, 0x00000000ac3b7400, 0x00000000ac4ea000)
 Metaspace       used 50724K, capacity 52532K, committed 52784K, reserved 1095680K
  class space    used 6703K, capacity 7093K, committed 7216K, reserved 1048576K
}
Event: 33.640 GC heap before
{Heap before GC invocations=62 (full 4):
 def new generation   total 12288K, used 12287K [0x0000000080000000, 0x0000000080d50000, 0x00000000aaaa0000)
  eden space 10944K, 100% used [0x0000000080000000, 0x0000000080ab0000, 0x0000000080ab0000)
  from space 1344K,  99% used [0x0000000080c00000, 0x0000000080d4fff0, 0x0000000080d50000)
  to   space 1344K,   0% used [0x0000000080ab0000, 0x0000000080ab0000, 0x0000000080c00000)
 tenured generation   total 26920K, used 25692K [0x00000000aaaa0000, 0x00000000ac4ea000, 0x0000000100000000)
   the space 26920K,  95% used [0x00000000aaaa0000, 0x00000000ac3b7320, 0x00000000ac3b7400, 0x00000000ac4ea000)
 Metaspace       used 51368K, capacity 53088K, committed 53552K, reserved 1095680K
  class space    used 6764K, capacity 7127K, committed 7216K, reserved 1048576K
Event: 33.908 GC heap after
Heap after GC invocations=63 (full 5):
 def new generation   total 12480K, used 1169K [0x0000000080000000, 0x0000000080d80000, 0x00000000aaaa0000)
  eden space 11136K,  10% used [0x0000000080000000, 0x0000000080124678, 0x0000000080ae0000)
  from space 1344K,   0% used [0x0000000080ae0000, 0x0000000080ae0000, 0x0000000080c30000)
  to   space 1344K,   0% used [0x0000000080c30000, 0x0000000080c30000, 0x0000000080d80000)
 tenured generation   total 27304K, used 27303K [0x00000000aaaa0000, 0x00000000ac54a000, 0x0000000100000000)
   the space 27304K,  99% used [0x00000000aaaa0000, 0x00000000ac549fe0, 0x00000000ac54a000, 0x00000000ac54a000)
 Metaspace       used 51368K, capacity 53088K, committed 53552K, reserved 1095680K
  class space    used 6764K, capacity 7127K, committed 7216K, reserved 1048576K
}
Event: 34.681 GC heap before
{Heap before GC invocations=63 (full 5):
 def new generation   total 12480K, used 11136K [0x0000000080000000, 0x0000000080d80000, 0x00000000aaaa0000)
  eden space 11136K, 100% used [0x0000000080000000, 0x0000000080ae0000, 0x0000000080ae0000)
  from space 1344K,   0% used [0x0000000080ae0000, 0x0000000080ae0000, 0x0000000080c30000)
  to   space 1344K,   0% used [0x0000000080c30000, 0x0000000080c30000, 0x0000000080d80000)
 tenured generation   total 27304K, used 27303K [0x00000000aaaa0000, 0x00000000ac54a000, 0x0000000100000000)
   the space 27304K,  99% used [0x00000000aaaa0000, 0x00000000ac549fe0, 0x00000000ac54a000, 0x00000000ac54a000)
 Metaspace       used 53582K, capacity 55436K, committed 55856K, reserved 1097728K
  class space    used 7006K, capacity 7413K, committed 7472K, reserved 1048576K
Event: 34.820 GC heap after
Heap after GC invocations=64 (full 6):
 def new generation   total 13056K, used 0K [0x0000000080000000, 0x0000000080e20000, 0x00000000aaaa0000)
  eden space 11648K,   0% used [0x0000000080000000, 0x0000000080000000, 0x0000000080b60000)
  from space 1408K,   0% used [0x0000000080b60000, 0x0000000080b60000, 0x0000000080cc0000)
  to   space 1408K,   0% used [0x0000000080cc0000, 0x0000000080cc0000, 0x0000000080e20000)
 tenured generation   total 28648K, used 28050K [0x00000000aaaa0000, 0x00000000ac69a000, 0x0000000100000000)
   the space 28648K,  97% used [0x00000000aaaa0000, 0x00000000ac604a58, 0x00000000ac604c00, 0x00000000ac69a000)
 Metaspace       used 53582K, capacity 55436K, committed 55856K, reserved 1097728K
  class space    used 7006K, capacity 7413K, committed 7472K, reserved 1048576K
}
Event: 35.331 GC heap before
{Heap before GC invocations=64 (full 6):
 def new generation   total 13056K, used 11648K [0x0000000080000000, 0x0000000080e20000, 0x00000000aaaa0000)
  eden space 11648K, 100% used [0x0000000080000000, 0x0000000080b60000, 0x0000000080b60000)
  from space 1408K,   0% used [0x0000000080b60000, 0x0000000080b60000, 0x0000000080cc0000)
  to   space 1408K,   0% used [0x0000000080cc0000, 0x0000000080cc0000, 0x0000000080e20000)
 tenured generation   total 28648K, used 28050K [0x00000000aaaa0000, 0x00000000ac69a000, 0x0000000100000000)
   the space 28648K,  97% used [0x00000000aaaa0000, 0x00000000ac604a58, 0x00000000ac604c00, 0x00000000ac69a000)
 Metaspace       used 54946K, capacity 56788K, committed 57136K, reserved 1099776K
  class space    used 7165K, capacity 7597K, committed 7728K, reserved 1048576K
Event: 35.337 GC heap after
Heap after GC invocations=65 (full 6):
 def new generation   total 13056K, used 1408K [0x0000000080000000, 0x0000000080e20000, 0x00000000aaaa0000)
  eden space 11648K,   0% used [0x0000000080000000, 0x0000000080000000, 0x0000000080b60000)
  from space 1408K, 100% used [0x0000000080cc0000, 0x0000000080e20000, 0x0000000080e20000)
  to   space 1408K,   0% used [0x0000000080b60000, 0x0000000080b60000, 0x0000000080cc0000)
 tenured generation   total 28648K, used 28376K [0x00000000aaaa0000, 0x00000000ac69a000, 0x0000000100000000)
   the space 28648K,  99% used [0x00000000aaaa0000, 0x00000000ac6561e0, 0x00000000ac656200, 0x00000000ac69a000)
 Metaspace       used 54946K, capacity 56788K, committed 57136K, reserved 1099776K
  class space    used 7165K, capacity 7597K, committed 7728K, reserved 1048576K
}

