# JRE version: OpenJDK Runtime Environment (8.0_242-b01) (build 1.8.0_242-release-1644-b01)
# Java VM: OpenJDK 64-Bit Server VM (25.242-b01 mixed mode windows-amd64 compressed oops)
Heap:
 def new generation   total 21312K, used 12191K [0x0000000080000000, 0x0000000081720000, 0x00000000aaaa0000)
  eden space 18944K,  53% used [0x0000000080000000, 0x00000000809f67f0, 0x0000000081280000)
  from space 2368K,  84% used [0x0000000081280000, 0x0000000081471680, 0x00000000814d0000)
  to   space 2368K,   0% used [0x00000000814d0000, 0x00000000814d0000, 0x0000000081720000)
 tenured generation   total 47092K, used 31565K [0x00000000aaaa0000, 0x00000000ad89d000, 0x0000000100000000)
   the space 47092K,  67% used [0x00000000aaaa0000, 0x00000000ac973540, 0x00000000ac973600, 0x00000000ad89d000)
 Metaspace       used 55548K, capacity 57548K, committed 57648K, reserved 1099776K
  class space    used 7254K, capacity 7700K, committed 7728K, reserved 1048576K
GC Heap History (10 events):
Event: 76.559 GC heap before
{Heap before GC invocations=59 (full 2):
 def new generation   total 11584K, used 11584K [0x0000000080000000, 0x0000000080c90000, 0x00000000aaaa0000)
  eden space 10304K, 100% used [0x0000000080000000, 0x0000000080a10000, 0x0000000080a10000)
  from space 1280K, 100% used [0x0000000080a10000, 0x0000000080b50000, 0x0000000080b50000)
  to   space 1280K,   0% used [0x0000000080b50000, 0x0000000080b50000, 0x0000000080c90000)
 tenured generation   total 25492K, used 25422K [0x00000000aaaa0000, 0x00000000ac385000, 0x0000000100000000)
   the space 25492K,  99% used [0x00000000aaaa0000, 0x00000000ac373960, 0x00000000ac373a00, 0x00000000ac385000)
 Metaspace       used 48824K, capacity 50686K, committed 50992K, reserved 1093632K
  class space    used 6453K, capacity 6844K, committed 6960K, reserved 1048576K
Event: 76.884 GC heap after
Heap after GC invocations=60 (full 3):
 def new generation   total 21312K, used 0K [0x0000000080000000, 0x0000000081720000, 0x00000000aaaa0000)
  eden space 18944K,   0% used [0x0000000080000000, 0x0000000080000000, 0x0000000081280000)
  from space 2368K,   0% used [0x0000000081280000, 0x0000000081280000, 0x00000000814d0000)
  to   space 2368K,   0% used [0x00000000814d0000, 0x00000000814d0000, 0x0000000081720000)
 tenured generation   total 47092K, used 28255K [0x00000000aaaa0000, 0x00000000ad89d000, 0x0000000100000000)
   the space 47092K,  59% used [0x00000000aaaa0000, 0x00000000ac637c50, 0x00000000ac637e00, 0x00000000ad89d000)
 Metaspace       used 48777K, capacity 50582K, committed 50992K, reserved 1093632K
  class space    used 6442K, capacity 6832K, committed 6960K, reserved 1048576K
}
Event: 78.213 GC heap before
{Heap before GC invocations=60 (full 3):
 def new generation   total 21312K, used 18944K [0x0000000080000000, 0x0000000081720000, 0x00000000aaaa0000)
  eden space 18944K, 100% used [0x0000000080000000, 0x0000000081280000, 0x0000000081280000)
  from space 2368K,   0% used [0x0000000081280000, 0x0000000081280000, 0x00000000814d0000)
  to   space 2368K,   0% used [0x00000000814d0000, 0x00000000814d0000, 0x0000000081720000)
 tenured generation   total 47092K, used 28255K [0x00000000aaaa0000, 0x00000000ad89d000, 0x0000000100000000)
   the space 47092K,  59% used [0x00000000aaaa0000, 0x00000000ac637c50, 0x00000000ac637e00, 0x00000000ad89d000)
 Metaspace       used 50362K, capacity 52148K, committed 52400K, reserved 1095680K
  class space    used 6655K, capacity 7029K, committed 7088K, reserved 1048576K
Event: 78.222 GC heap after
Heap after GC invocations=61 (full 3):
 def new generation   total 21312K, used 2367K [0x0000000080000000, 0x0000000081720000, 0x00000000aaaa0000)
  eden space 18944K,   0% used [0x0000000080000000, 0x0000000080000000, 0x0000000081280000)
  from space 2368K,  99% used [0x00000000814d0000, 0x000000008171fff8, 0x0000000081720000)
  to   space 2368K,   0% used [0x0000000081280000, 0x0000000081280000, 0x00000000814d0000)
 tenured generation   total 47092K, used 28367K [0x00000000aaaa0000, 0x00000000ad89d000, 0x0000000100000000)
   the space 47092K,  60% used [0x00000000aaaa0000, 0x00000000ac653e00, 0x00000000ac653e00, 0x00000000ad89d000)
 Metaspace       used 50362K, capacity 52148K, committed 52400K, reserved 1095680K
  class space    used 6655K, capacity 7029K, committed 7088K, reserved 1048576K
}
Event: 81.421 GC heap before
{Heap before GC invocations=61 (full 3):
 def new generation   total 21312K, used 21311K [0x0000000080000000, 0x0000000081720000, 0x00000000aaaa0000)
  eden space 18944K, 100% used [0x0000000080000000, 0x0000000081280000, 0x0000000081280000)
  from space 2368K,  99% used [0x00000000814d0000, 0x000000008171fff8, 0x0000000081720000)
  to   space 2368K,   0% used [0x0000000081280000, 0x0000000081280000, 0x00000000814d0000)
 tenured generation   total 47092K, used 28367K [0x00000000aaaa0000, 0x00000000ad89d000, 0x0000000100000000)
   the space 47092K,  60% used [0x00000000aaaa0000, 0x00000000ac653e00, 0x00000000ac653e00, 0x00000000ad89d000)
 Metaspace       used 52725K, capacity 54530K, committed 54704K, reserved 1097728K
  class space    used 6913K, capacity 7306K, committed 7344K, reserved 1048576K
Event: 81.432 GC heap after
Heap after GC invocations=62 (full 3):
 def new generation   total 21312K, used 2139K [0x0000000080000000, 0x0000000081720000, 0x00000000aaaa0000)
  eden space 18944K,   0% used [0x0000000080000000, 0x0000000080000000, 0x0000000081280000)
  from space 2368K,  90% used [0x0000000081280000, 0x0000000081496d68, 0x00000000814d0000)
  to   space 2368K,   0% used [0x00000000814d0000, 0x00000000814d0000, 0x0000000081720000)
 tenured generation   total 47092K, used 29480K [0x00000000aaaa0000, 0x00000000ad89d000, 0x0000000100000000)
   the space 47092K,  62% used [0x00000000aaaa0000, 0x00000000ac76a0e8, 0x00000000ac76a200, 0x00000000ad89d000)
 Metaspace       used 52725K, capacity 54530K, committed 54704K, reserved 1097728K
  class space    used 6913K, capacity 7306K, committed 7344K, reserved 1048576K
}
Event: 85.083 GC heap before
{Heap before GC invocations=62 (full 3):
 def new generation   total 21312K, used 21083K [0x0000000080000000, 0x0000000081720000, 0x00000000aaaa0000)
  eden space 18944K, 100% used [0x0000000080000000, 0x0000000081280000, 0x0000000081280000)
  from space 2368K,  90% used [0x0000000081280000, 0x0000000081496d68, 0x00000000814d0000)
  to   space 2368K,   0% used [0x00000000814d0000, 0x00000000814d0000, 0x0000000081720000)
 tenured generation   total 47092K, used 29480K [0x00000000aaaa0000, 0x00000000ad89d000, 0x0000000100000000)
   the space 47092K,  62% used [0x00000000aaaa0000, 0x00000000ac76a0e8, 0x00000000ac76a200, 0x00000000ad89d000)
 Metaspace       used 55086K, capacity 56922K, committed 57136K, reserved 1099776K
  class space    used 7185K, capacity 7598K, committed 7728K, reserved 1048576K
Event: 85.093 GC heap after
Heap after GC invocations=63 (full 3):
 def new generation   total 21312K, used 2367K [0x0000000080000000, 0x0000000081720000, 0x00000000aaaa0000)
  eden space 18944K,   0% used [0x0000000080000000, 0x0000000080000000, 0x0000000081280000)
  from space 2368K,  99% used [0x00000000814d0000, 0x000000008171fff8, 0x0000000081720000)
  to   space 2368K,   0% used [0x0000000081280000, 0x0000000081280000, 0x00000000814d0000)
 tenured generation   total 47092K, used 30508K [0x00000000aaaa0000, 0x00000000ad89d000, 0x0000000100000000)
   the space 47092K,  64% used [0x00000000aaaa0000, 0x00000000ac86b1f8, 0x00000000ac86b200, 0x00000000ad89d000)
 Metaspace       used 55086K, capacity 56922K, committed 57136K, reserved 1099776K
  class space    used 7185K, capacity 7598K, committed 7728K, reserved 1048576K
}
Event: 87.795 GC heap before
{Heap before GC invocations=63 (full 3):
 def new generation   total 21312K, used 21311K [0x0000000080000000, 0x0000000081720000, 0x00000000aaaa0000)
  eden space 18944K, 100% used [0x0000000080000000, 0x0000000081280000, 0x0000000081280000)
  from space 2368K,  99% used [0x00000000814d0000, 0x000000008171fff8, 0x0000000081720000)
  to   space 2368K,   0% used [0x0000000081280000, 0x0000000081280000, 0x00000000814d0000)
 tenured generation   total 47092K, used 30508K [0x00000000aaaa0000, 0x00000000ad89d000, 0x0000000100000000)
   the space 47092K,  64% used [0x00000000aaaa0000, 0x00000000ac86b1f8, 0x00000000ac86b200, 0x00000000ad89d000)
 Metaspace       used 55499K, capacity 57420K, committed 57648K, reserved 1099776K
  class space    used 7248K, capacity 7700K, committed 7728K, reserved 1048576K
Event: 87.805 GC heap after
Heap after GC invocations=64 (full 3):
 def new generation   total 21312K, used 1989K [0x0000000080000000, 0x0000000081720000, 0x00000000aaaa0000)
  eden space 18944K,   0% used [0x0000000080000000, 0x0000000080000000, 0x0000000081280000)
  from space 2368K,  84% used [0x0000000081280000, 0x0000000081471680, 0x00000000814d0000)
  to   space 2368K,   0% used [0x00000000814d0000, 0x00000000814d0000, 0x0000000081720000)
 tenured generation   total 47092K, used 31565K [0x00000000aaaa0000, 0x00000000ad89d000, 0x0000000100000000)
   the space 47092K,  67% used [0x00000000aaaa0000, 0x00000000ac973540, 0x00000000ac973600, 0x00000000ad89d000)
 Metaspace       used 55499K, capacity 57420K, committed 57648K, reserved 1099776K
  class space    used 7248K, capacity 7700K, committed 7728K, reserved 1048576K
}

